<?xml version="1.0" encoding="UTF-8"?>
<!-- Generated by org.testng.reporters.JUnitReportReporter -->
<testsuite hostname="SHEENALYN" failures="0" tests="3" name="com.example.api.APITest" time="4.018" errors="0" timestamp="2024-12-02T17:41:47 EST" skipped="0">
  <testcase classname="com.example.api.APITest" name="testGetRequest" time="0.075"/>
  <system-out/>
  <testcase classname="com.example.api.APITest" name="testPostRequest" time="0.812"/>
  <system-out/>
  <testcase classname="com.example.api.APITest" name="testAllPosts" time="3.131"/>
  <system-out/>
</testsuite> <!-- com.example.api.APITest -->
